Using pre-set license
Built from '2020.3/staging' branch; Version is '2020.3.9f1 (108be757e447) revision 1084391'; Using compiler version '192528614'; Build Type 'Release'
OS: 'Windows 10 Home; OS build 19041.1052; Version 2004; 64bit' Language: 'en' Physical Memory: 16329 MB
BatchMode: 1, IsHumanControllingUs: 0, StartBugReporterOnCrash: 0, Is64bit: 1, IsPro: 0

 COMMAND LINE ARGUMENTS:
A:\UNITY_EDITORS\2020.3.9f1\Editor\Unity.exe
-adb2
-batchMode
-noUpm
-name
AssetImportWorker0
-projectPath
C:/NEW_UNITY_PROJECTS_2021/VR/DieHumans
-logFile
Logs/AssetImportWorker0.log
-srvPort
56622
Successfully changed project path to: C:/NEW_UNITY_PROJECTS_2021/VR/DieHumans
C:/NEW_UNITY_PROJECTS_2021/VR/DieHumans
Using Asset Import Pipeline V2.
Refreshing native plugins compatible for Editor in 50.16 ms, found 3 plugins.
Preloading 1 native plugins for Editor in 0.76 ms.
Initialize engine version: 2020.3.9f1 (108be757e447)
[Subsystems] Discovering subsystems at path A:/UNITY_EDITORS/2020.3.9f1/Editor/Data/Resources/UnitySubsystems
[Subsystems] Discovering subsystems at path C:/NEW_UNITY_PROJECTS_2021/VR/DieHumans/Assets
GfxDevice: creating device client; threaded=0
Direct3D:
    Version:  Direct3D 11.0 [level 11.1]
    Renderer: NVIDIA GeForce GTX 1060 6GB (ID=0x1c03)
    Vendor:   
    VRAM:     6052 MB
    Driver:   27.21.14.6647
Shader 'Oculus/OVRMRCameraFrameLit': fallback shader 'Alpha-Diffuse' not found
Initialize mono
Mono path[0] = 'A:/UNITY_EDITORS/2020.3.9f1/Editor/Data/Managed'
Mono path[1] = 'A:/UNITY_EDITORS/2020.3.9f1/Editor/Data/MonoBleedingEdge/lib/mono/unityjit'
Mono config path = 'A:/UNITY_EDITORS/2020.3.9f1/Editor/Data/MonoBleedingEdge/etc'
Using monoOptions --debugger-agent=transport=dt_socket,embedding=1,server=y,suspend=n,address=127.0.0.1:56356
Begin MonoManager ReloadAssembly
Registering precompiled unity dll's ...
Register platform support module: A:/UNITY_EDITORS/2020.3.9f1/Editor/Data/PlaybackEngines/WebGLSupport/UnityEditor.WebGL.Extensions.dll
Register platform support module: A:/UNITY_EDITORS/2020.3.9f1/Editor/Data/PlaybackEngines/WindowsStandaloneSupport/UnityEditor.WindowsStandalone.Extensions.dll
Registered in 0.001105 seconds.
Native extension for WindowsStandalone target not found
Native extension for WebGL target not found
Refreshing native plugins compatible for Editor in 41.69 ms, found 3 plugins.
Preloading 1 native plugins for Editor in 0.06 ms.
Mono: successfully reloaded assembly
- Completed reload, in  1.329 seconds
Platform modules already initialized, skipping
Registering precompiled user dll's ...
Registered in 0.002570 seconds.
Begin MonoManager ReloadAssembly
Native extension for WindowsStandalone target not found
Native extension for WebGL target not found
Refreshing native plugins compatible for Editor in 0.51 ms, found 3 plugins.
Preloading 1 native plugins for Editor in 0.08 ms.
[XR] OculusXRPlugin: registering subsystems
[XR] Unable to register display lifecyle provider: [1]
[XR] Oculus Input lifecycle provider registered.
[XR] Unable to register input lifecyle provider: [1]
[XR] OVRP version 1.60.0
Mono: successfully reloaded assembly
- Completed reload, in  0.776 seconds
Platform modules already initialized, skipping
========================================================================
Worker process is ready to serve import requests
Shader 'Oculus/OVRMRCameraFrameLit': fallback shader 'Alpha-Diffuse' not found
Launched and connected shader compiler UnityShaderCompiler.exe after 0.04 seconds
Refreshing native plugins compatible for Editor in 0.50 ms, found 3 plugins.
Preloading 1 native plugins for Editor in 0.06 ms.
Unloading 1690 Unused Serialized files (Serialized files now loaded: 0)
System memory in use before: 87.4 MB.
System memory in use after: 87.5 MB.

Unloading 26 unused Assets to reduce memory usage. Loaded Objects now: 2144.
Total: 1.722000 ms (FindLiveObjects: 0.161800 ms CreateObjectMapping: 0.053100 ms MarkObjects: 1.391200 ms  DeleteObjects: 0.115100 ms)

========================================================================
Received Import Request.
  path: Assets/Scenes/MainArcade.unity
  artifactKey: Guid(9fc0d4010bbf28b4594072e72b8655ab) Importer(815301076,1909f56bfc062723c751e8b465ee728b)
Start importing Assets/Scenes/MainArcade.unity using Guid(9fc0d4010bbf28b4594072e72b8655ab) Importer(815301076,1909f56bfc062723c751e8b465ee728b)  -> (artifact id: 'a8278cd5497a800592a60ed2d74ff020') in 0.064017 seconds
  Import took 0.094813 seconds .

========================================================================
Received Import Request.
  Time since last request: 8.172056 seconds.
  path: Assets/Scripts/Drone.cs
  artifactKey: Guid(7950ee99142a7ba4d8f7ecc9015c9ad2) Importer(815301076,1909f56bfc062723c751e8b465ee728b)
Start importing Assets/Scripts/Drone.cs using Guid(7950ee99142a7ba4d8f7ecc9015c9ad2) Importer(815301076,1909f56bfc062723c751e8b465ee728b)  -> (artifact id: 'b80150df51775fe0eef58979c2be7a5b') in 0.108670 seconds
  Import took 0.111016 seconds .

========================================================================
Received Import Request.
  Time since last request: 1727.662424 seconds.
  path: Assets/Prefabs/Chopper.prefab
  artifactKey: Guid(695251bee9e3a26439da21cb9839c10a) Importer(815301076,1909f56bfc062723c751e8b465ee728b)
Start importing Assets/Prefabs/Chopper.prefab using Guid(695251bee9e3a26439da21cb9839c10a) Importer(815301076,1909f56bfc062723c751e8b465ee728b)  -> (artifact id: '23f6a318254ca08816694d17c4d33455') in 0.166905 seconds
  Import took 0.178079 seconds .

========================================================================
Received Import Request.
  Time since last request: 10.306973 seconds.
  path: Assets/Prefabs/Drone.prefab
  artifactKey: Guid(6eafdee25451f2341926366c4c2a82db) Importer(815301076,1909f56bfc062723c751e8b465ee728b)
Start importing Assets/Prefabs/Drone.prefab using Guid(6eafdee25451f2341926366c4c2a82db) Importer(815301076,1909f56bfc062723c751e8b465ee728b)  -> (artifact id: '88d38378dee64d17895d5b2fb504b6ab') in 0.011290 seconds
  Import took 0.039507 seconds .

========================================================================
Received Import Request.
  Time since last request: 1.598021 seconds.
  path: Assets/Prefabs/Drone.prefab
  artifactKey: Guid(6eafdee25451f2341926366c4c2a82db) Importer(815301076,1909f56bfc062723c751e8b465ee728b)
Start importing Assets/Prefabs/Drone.prefab using Guid(6eafdee25451f2341926366c4c2a82db) Importer(815301076,1909f56bfc062723c751e8b465ee728b)  -> (artifact id: '213471f2042daacbb7608aac883fe515') in 0.008381 seconds
  Import took 0.033270 seconds .

========================================================================
Received Prepare
Registering precompiled user dll's ...
Registered in 0.002381 seconds.
Begin MonoManager ReloadAssembly
Native extension for WindowsStandalone target not found
Native extension for WebGL target not found
Refreshing native plugins compatible for Editor in 0.53 ms, found 3 plugins.
Preloading 1 native plugins for Editor in 0.09 ms.
Mono: successfully reloaded assembly
- Completed reload, in  0.727 seconds
Platform modules already initialized, skipping
Switching build target platform(19) subTarget(0) extendedPlatform(0) -> platform(13) subTarget(524294) extendedPlatform(0)
Shader 'Oculus/OVRMRCameraFrameLit': fallback shader 'Alpha-Diffuse' not found
Refreshing native plugins compatible for Editor in 0.59 ms, found 3 plugins.
Preloading 1 native plugins for Editor in 0.08 ms.
Unloading 1638 Unused Serialized files (Serialized files now loaded: 0)
System memory in use before: 85.4 MB.
System memory in use after: 85.5 MB.

Unloading 23 unused Assets to reduce memory usage. Loaded Objects now: 2156.
Total: 1.835400 ms (FindLiveObjects: 0.156800 ms CreateObjectMapping: 0.051500 ms MarkObjects: 1.522500 ms  DeleteObjects: 0.103600 ms)

AssetImportParameters requested are different than current active one (requested -> active):
  custom:graphics/normal-map-encoding: 01000000000000000000000000000000 -> 02000000000000000000000000000000
========================================================================
Received Import Request.
  Time since last request: 82.619592 seconds.
  path: Assets/Prefabs/Drone.prefab
  artifactKey: Guid(6eafdee25451f2341926366c4c2a82db) Importer(815301076,1909f56bfc062723c751e8b465ee728b)
Start importing Assets/Prefabs/Drone.prefab using Guid(6eafdee25451f2341926366c4c2a82db) Importer(815301076,1909f56bfc062723c751e8b465ee728b)  -> (artifact id: '5241394defc33bf5079eb743c7197069') in 0.058578 seconds
  Import took 0.105552 seconds .

========================================================================
Received Import Request.
  Time since last request: 8.968436 seconds.
  path: Assets/Prefabs/Drone.prefab
  artifactKey: Guid(6eafdee25451f2341926366c4c2a82db) Importer(815301076,1909f56bfc062723c751e8b465ee728b)
Start importing Assets/Prefabs/Drone.prefab using Guid(6eafdee25451f2341926366c4c2a82db) Importer(815301076,1909f56bfc062723c751e8b465ee728b)  -> (artifact id: '1f9d5bfc04fa19f3c44378986ea00957') in 0.007889 seconds
  Import took 0.029343 seconds .

========================================================================
Received Import Request.
  Time since last request: 2.410769 seconds.
  path: Assets/Prefabs/Drone.prefab
  artifactKey: Guid(6eafdee25451f2341926366c4c2a82db) Importer(815301076,1909f56bfc062723c751e8b465ee728b)
Start importing Assets/Prefabs/Drone.prefab using Guid(6eafdee25451f2341926366c4c2a82db) Importer(815301076,1909f56bfc062723c751e8b465ee728b)  -> (artifact id: '10bd713ce90bd17812d74b453c0d05c2') in 0.013711 seconds
  Import took 0.016423 seconds .

========================================================================
Received Import Request.
  Time since last request: 24.182133 seconds.
  path: Assets/Prefabs/Drone.prefab
  artifactKey: Guid(6eafdee25451f2341926366c4c2a82db) Importer(815301076,1909f56bfc062723c751e8b465ee728b)
Start importing Assets/Prefabs/Drone.prefab using Guid(6eafdee25451f2341926366c4c2a82db) Importer(815301076,1909f56bfc062723c751e8b465ee728b)  -> (artifact id: '654370de606fd95bebcb4edd70f93aeb') in 0.007033 seconds
  Import took 0.009675 seconds .

========================================================================
Received Import Request.
  Time since last request: 31.168513 seconds.
  path: Assets/Prefabs/Drone.prefab
  artifactKey: Guid(6eafdee25451f2341926366c4c2a82db) Importer(815301076,1909f56bfc062723c751e8b465ee728b)
Start importing Assets/Prefabs/Drone.prefab using Guid(6eafdee25451f2341926366c4c2a82db) Importer(815301076,1909f56bfc062723c751e8b465ee728b)  -> (artifact id: '86de97202c1c7e0b9f386889bb80dd0f') in 0.008287 seconds
  Import took 0.022461 seconds .

========================================================================
Received Import Request.
  Time since last request: 0.183665 seconds.
  path: Assets/Prefabs/Drone.prefab
  artifactKey: Guid(6eafdee25451f2341926366c4c2a82db) Importer(815301076,1909f56bfc062723c751e8b465ee728b)
Start importing Assets/Prefabs/Drone.prefab using Guid(6eafdee25451f2341926366c4c2a82db) Importer(815301076,1909f56bfc062723c751e8b465ee728b)  -> (artifact id: '464f6e50c0a04f80a97c5dbdadd659d6') in 0.006692 seconds
  Import took 0.009228 seconds .

========================================================================
Received Import Request.
  Time since last request: 0.463016 seconds.
  path: Assets/Prefabs/Drone.prefab
  artifactKey: Guid(6eafdee25451f2341926366c4c2a82db) Importer(815301076,1909f56bfc062723c751e8b465ee728b)
Start importing Assets/Prefabs/Drone.prefab using Guid(6eafdee25451f2341926366c4c2a82db) Importer(815301076,1909f56bfc062723c751e8b465ee728b)  -> (artifact id: 'feac1d72f4177dbb69f73a51cbeb4b0b') in 0.006307 seconds
  Import took 0.037930 seconds .

========================================================================
Received Import Request.
  Time since last request: 0.508617 seconds.
  path: Assets/Prefabs/Drone.prefab
  artifactKey: Guid(6eafdee25451f2341926366c4c2a82db) Importer(815301076,1909f56bfc062723c751e8b465ee728b)
Start importing Assets/Prefabs/Drone.prefab using Guid(6eafdee25451f2341926366c4c2a82db) Importer(815301076,1909f56bfc062723c751e8b465ee728b)  -> (artifact id: '3399ce17ef73896699ed8cdba19faa11') in 0.006846 seconds
  Import took 0.022749 seconds .

========================================================================
Received Import Request.
  Time since last request: 0.695013 seconds.
  path: Assets/Prefabs/Drone.prefab
  artifactKey: Guid(6eafdee25451f2341926366c4c2a82db) Importer(815301076,1909f56bfc062723c751e8b465ee728b)
Start importing Assets/Prefabs/Drone.prefab using Guid(6eafdee25451f2341926366c4c2a82db) Importer(815301076,1909f56bfc062723c751e8b465ee728b)  -> (artifact id: '24b4fd281917cda6e5a203d209287dce') in 0.006613 seconds
  Import took 0.050646 seconds .

========================================================================
Received Import Request.
  Time since last request: 0.259504 seconds.
  path: Assets/Prefabs/Drone.prefab
  artifactKey: Guid(6eafdee25451f2341926366c4c2a82db) Importer(815301076,1909f56bfc062723c751e8b465ee728b)
Start importing Assets/Prefabs/Drone.prefab using Guid(6eafdee25451f2341926366c4c2a82db) Importer(815301076,1909f56bfc062723c751e8b465ee728b)  -> (artifact id: 'b605a2ead921abf1669ed7ca42c7c6e8') in 0.006182 seconds
  Import took 0.008767 seconds .

========================================================================
Received Import Request.
  Time since last request: 0.516173 seconds.
  path: Assets/Prefabs/Drone.prefab
  artifactKey: Guid(6eafdee25451f2341926366c4c2a82db) Importer(815301076,1909f56bfc062723c751e8b465ee728b)
Start importing Assets/Prefabs/Drone.prefab using Guid(6eafdee25451f2341926366c4c2a82db) Importer(815301076,1909f56bfc062723c751e8b465ee728b)  -> (artifact id: 'e8d20aa03bf6b9c5b5c3b00500c6bda2') in 0.007376 seconds
  Import took 0.010018 seconds .

========================================================================
Received Import Request.
  Time since last request: 14.618461 seconds.
  path: Assets/Prefabs/Drone.prefab
  artifactKey: Guid(6eafdee25451f2341926366c4c2a82db) Importer(815301076,1909f56bfc062723c751e8b465ee728b)
Start importing Assets/Prefabs/Drone.prefab using Guid(6eafdee25451f2341926366c4c2a82db) Importer(815301076,1909f56bfc062723c751e8b465ee728b)  -> (artifact id: 'e18f121cdd00cda76b8189555b23c370') in 0.009061 seconds
  Import took 0.034001 seconds .

========================================================================
Received Prepare
Registering precompiled user dll's ...
Registered in 0.002366 seconds.
Begin MonoManager ReloadAssembly
Native extension for WindowsStandalone target not found
Native extension for WebGL target not found
Refreshing native plugins compatible for Editor in 0.56 ms, found 3 plugins.
Preloading 1 native plugins for Editor in 0.08 ms.
Mono: successfully reloaded assembly
- Completed reload, in  0.694 seconds
Platform modules already initialized, skipping
Switching build target platform(19) subTarget(0) extendedPlatform(0) -> platform(13) subTarget(524294) extendedPlatform(0)
Shader 'Oculus/OVRMRCameraFrameLit': fallback shader 'Alpha-Diffuse' not found
Refreshing native plugins compatible for Editor in 0.51 ms, found 3 plugins.
Preloading 1 native plugins for Editor in 0.06 ms.
Unloading 1638 Unused Serialized files (Serialized files now loaded: 0)
System memory in use before: 85.5 MB.
System memory in use after: 85.6 MB.

Unloading 23 unused Assets to reduce memory usage. Loaded Objects now: 2161.
Total: 1.686200 ms (FindLiveObjects: 0.138600 ms CreateObjectMapping: 0.043300 ms MarkObjects: 1.418400 ms  DeleteObjects: 0.085100 ms)

AssetImportParameters requested are different than current active one (requested -> active):
  custom:graphics/normal-map-encoding: 01000000000000000000000000000000 -> 02000000000000000000000000000000
