Using pre-set license
Built from '2020.3/staging' branch; Version is '2020.3.9f1 (108be757e447) revision 1084391'; Using compiler version '192528614'; Build Type 'Release'
OS: 'Windows 10 Home; OS build 19041.1052; Version 2004; 64bit' Language: 'en' Physical Memory: 16329 MB
BatchMode: 1, IsHumanControllingUs: 0, StartBugReporterOnCrash: 0, Is64bit: 1, IsPro: 0

 COMMAND LINE ARGUMENTS:
A:\UNITY_EDITORS\2020.3.9f1\Editor\Unity.exe
-adb2
-batchMode
-noUpm
-name
AssetImportWorker0
-projectPath
C:/NEW_UNITY_PROJECTS_2021/VR/DieHumans
-logFile
Logs/AssetImportWorker0.log
-srvPort
54368
Successfully changed project path to: C:/NEW_UNITY_PROJECTS_2021/VR/DieHumans
C:/NEW_UNITY_PROJECTS_2021/VR/DieHumans
Using Asset Import Pipeline V2.
Refreshing native plugins compatible for Editor in 71.49 ms, found 3 plugins.
Preloading 1 native plugins for Editor in 0.89 ms.
Initialize engine version: 2020.3.9f1 (108be757e447)
[Subsystems] Discovering subsystems at path A:/UNITY_EDITORS/2020.3.9f1/Editor/Data/Resources/UnitySubsystems
[Subsystems] Discovering subsystems at path C:/NEW_UNITY_PROJECTS_2021/VR/DieHumans/Assets
GfxDevice: creating device client; threaded=0
Direct3D:
    Version:  Direct3D 11.0 [level 11.1]
    Renderer: NVIDIA GeForce GTX 1060 6GB (ID=0x1c03)
    Vendor:   
    VRAM:     6052 MB
    Driver:   27.21.14.6647
Shader 'Oculus/OVRMRCameraFrameLit': fallback shader 'Alpha-Diffuse' not found
Initialize mono
Mono path[0] = 'A:/UNITY_EDITORS/2020.3.9f1/Editor/Data/Managed'
Mono path[1] = 'A:/UNITY_EDITORS/2020.3.9f1/Editor/Data/MonoBleedingEdge/lib/mono/unityjit'
Mono config path = 'A:/UNITY_EDITORS/2020.3.9f1/Editor/Data/MonoBleedingEdge/etc'
Using monoOptions --debugger-agent=transport=dt_socket,embedding=1,server=y,suspend=n,address=127.0.0.1:56020
Begin MonoManager ReloadAssembly
Registering precompiled unity dll's ...
Register platform support module: A:/UNITY_EDITORS/2020.3.9f1/Editor/Data/PlaybackEngines/WebGLSupport/UnityEditor.WebGL.Extensions.dll
Register platform support module: A:/UNITY_EDITORS/2020.3.9f1/Editor/Data/PlaybackEngines/WindowsStandaloneSupport/UnityEditor.WindowsStandalone.Extensions.dll
Registered in 0.001332 seconds.
Native extension for WindowsStandalone target not found
Native extension for WebGL target not found
Refreshing native plugins compatible for Editor in 53.59 ms, found 3 plugins.
Preloading 1 native plugins for Editor in 0.08 ms.
Mono: successfully reloaded assembly
- Completed reload, in  1.623 seconds
Platform modules already initialized, skipping
Registering precompiled user dll's ...
Registered in 0.003138 seconds.
Begin MonoManager ReloadAssembly
Native extension for WindowsStandalone target not found
Native extension for WebGL target not found
Refreshing native plugins compatible for Editor in 0.60 ms, found 3 plugins.
Preloading 1 native plugins for Editor in 0.10 ms.
[XR] OculusXRPlugin: registering subsystems
[XR] Unable to register display lifecyle provider: [1]
[XR] Oculus Input lifecycle provider registered.
[XR] Unable to register input lifecyle provider: [1]
[XR] OVRP version 1.60.0
Mono: successfully reloaded assembly
- Completed reload, in  0.964 seconds
Platform modules already initialized, skipping
========================================================================
Worker process is ready to serve import requests
Shader 'Oculus/OVRMRCameraFrameLit': fallback shader 'Alpha-Diffuse' not found
Launched and connected shader compiler UnityShaderCompiler.exe after 0.07 seconds
Refreshing native plugins compatible for Editor in 0.54 ms, found 3 plugins.
Preloading 1 native plugins for Editor in 0.08 ms.
Unloading 1826 Unused Serialized files (Serialized files now loaded: 0)
System memory in use before: 98.2 MB.
System memory in use after: 98.3 MB.

Unloading 25 unused Assets to reduce memory usage. Loaded Objects now: 2291.
Total: 1.807600 ms (FindLiveObjects: 0.168400 ms CreateObjectMapping: 0.061200 ms MarkObjects: 1.550700 ms  DeleteObjects: 0.025500 ms)

========================================================================
Received Import Request.
  path: Assets/Prefabs/Ship_.prefab
  artifactKey: Guid(9ccca59714caa1447b9a8e446fb68435) Importer(815301076,1909f56bfc062723c751e8b465ee728b)
Start importing Assets/Prefabs/Ship_.prefab using Guid(9ccca59714caa1447b9a8e446fb68435) Importer(815301076,1909f56bfc062723c751e8b465ee728b)  -> (artifact id: '87138638beffecbddc6bca93f7806794') in 0.617333 seconds
  Import took 1.247459 seconds .

========================================================================
Received Import Request.
  Time since last request: 0.613814 seconds.
  path: Assets/Prefabs/Ship_.prefab
  artifactKey: Guid(9ccca59714caa1447b9a8e446fb68435) Importer(815301076,1909f56bfc062723c751e8b465ee728b)
Start importing Assets/Prefabs/Ship_.prefab using Guid(9ccca59714caa1447b9a8e446fb68435) Importer(815301076,1909f56bfc062723c751e8b465ee728b)  -> (artifact id: '70833ec48f031674c8099e0c962a24bc') in 0.090146 seconds
  Import took 0.093842 seconds .

========================================================================
Received Import Request.
  Time since last request: 6.315084 seconds.
  path: Assets/Prefabs/Ship_.prefab
  artifactKey: Guid(9ccca59714caa1447b9a8e446fb68435) Importer(815301076,1909f56bfc062723c751e8b465ee728b)
Start importing Assets/Prefabs/Ship_.prefab using Guid(9ccca59714caa1447b9a8e446fb68435) Importer(815301076,1909f56bfc062723c751e8b465ee728b)  -> (artifact id: 'e9bbd8c33e1211104f54e96ecd5dba3f') in 0.089107 seconds
  Import took 0.111347 seconds .

========================================================================
Received Import Request.
  Time since last request: 5.577781 seconds.
  path: Assets/Prefabs/Ship_.prefab
  artifactKey: Guid(9ccca59714caa1447b9a8e446fb68435) Importer(815301076,1909f56bfc062723c751e8b465ee728b)
Start importing Assets/Prefabs/Ship_.prefab using Guid(9ccca59714caa1447b9a8e446fb68435) Importer(815301076,1909f56bfc062723c751e8b465ee728b)  -> (artifact id: '3c978a7bc2490a44ce566774cf329d08') in 0.090782 seconds
  Import took 0.197332 seconds .

========================================================================
Received Import Request.
  Time since last request: 7.299228 seconds.
  path: Assets/Prefabs/Ship_.prefab
  artifactKey: Guid(9ccca59714caa1447b9a8e446fb68435) Importer(815301076,1909f56bfc062723c751e8b465ee728b)
Start importing Assets/Prefabs/Ship_.prefab using Guid(9ccca59714caa1447b9a8e446fb68435) Importer(815301076,1909f56bfc062723c751e8b465ee728b)  -> (artifact id: '39cd6d0f45239eb81fbd78bc59a76a7d') in 0.083915 seconds
  Import took 0.108803 seconds .

========================================================================
Received Import Request.
  Time since last request: 0.509363 seconds.
  path: Assets/Prefabs/Ship_.prefab
  artifactKey: Guid(9ccca59714caa1447b9a8e446fb68435) Importer(815301076,1909f56bfc062723c751e8b465ee728b)
Start importing Assets/Prefabs/Ship_.prefab using Guid(9ccca59714caa1447b9a8e446fb68435) Importer(815301076,1909f56bfc062723c751e8b465ee728b)  -> (artifact id: '54bc4cfaaf1f8a2a779bfb9e5ecc94c2') in 0.083811 seconds
  Import took 0.099794 seconds .

========================================================================
Received Import Request.
  Time since last request: 5.324767 seconds.
  path: Assets/Prefabs/Ship_.prefab
  artifactKey: Guid(9ccca59714caa1447b9a8e446fb68435) Importer(815301076,1909f56bfc062723c751e8b465ee728b)
Start importing Assets/Prefabs/Ship_.prefab using Guid(9ccca59714caa1447b9a8e446fb68435) Importer(815301076,1909f56bfc062723c751e8b465ee728b)  -> (artifact id: '726807deacb356e91d7fee1ec398a899') in 0.089022 seconds
  Import took 0.123937 seconds .

========================================================================
Received Import Request.
  Time since last request: 0.843323 seconds.
  path: Assets/Prefabs/Ship_.prefab
  artifactKey: Guid(9ccca59714caa1447b9a8e446fb68435) Importer(815301076,1909f56bfc062723c751e8b465ee728b)
Start importing Assets/Prefabs/Ship_.prefab using Guid(9ccca59714caa1447b9a8e446fb68435) Importer(815301076,1909f56bfc062723c751e8b465ee728b)  -> (artifact id: '4c1b9a5b897f193c1d7352913f280d11') in 0.093782 seconds
  Import took 0.110503 seconds .

========================================================================
Received Prepare
Registering precompiled user dll's ...
Registered in 0.003014 seconds.
Begin MonoManager ReloadAssembly
Native extension for WindowsStandalone target not found
Native extension for WebGL target not found
Refreshing native plugins compatible for Editor in 0.70 ms, found 3 plugins.
Preloading 1 native plugins for Editor in 0.12 ms.
Mono: successfully reloaded assembly
- Completed reload, in  0.864 seconds
Platform modules already initialized, skipping
Switching build target platform(19) subTarget(0) extendedPlatform(0) -> platform(13) subTarget(524294) extendedPlatform(0)
Shader 'Oculus/OVRMRCameraFrameLit': fallback shader 'Alpha-Diffuse' not found
Refreshing native plugins compatible for Editor in 0.62 ms, found 3 plugins.
Preloading 1 native plugins for Editor in 0.08 ms.
Unloading 1739 Unused Serialized files (Serialized files now loaded: 0)
System memory in use before: 102.9 MB.
System memory in use after: 103.0 MB.

Unloading 21 unused Assets to reduce memory usage. Loaded Objects now: 2302.
Total: 2.027300 ms (FindLiveObjects: 0.235200 ms CreateObjectMapping: 0.104300 ms MarkObjects: 1.662200 ms  DeleteObjects: 0.024400 ms)

AssetImportParameters requested are different than current active one (requested -> active):
  custom:graphics/normal-map-encoding: 01000000000000000000000000000000 -> 02000000000000000000000000000000
========================================================================
Received Import Request.
  Time since last request: 109.865149 seconds.
  path: Assets/Materials/ShipTail.mat
  artifactKey: Guid(55d00071fb861434989f7737275c796a) Importer(815301076,1909f56bfc062723c751e8b465ee728b)
Start importing Assets/Materials/ShipTail.mat using Guid(55d00071fb861434989f7737275c796a) Importer(815301076,1909f56bfc062723c751e8b465ee728b)  -> (artifact id: 'd754fb3a1c81742426a9d9c785ded034') in 0.091535 seconds
  Import took 0.106201 seconds .

========================================================================
Received Import Request.
  Time since last request: 27.986939 seconds.
  path: Assets/Materials/ShipTrail.mat
  artifactKey: Guid(38922c3951d17f74084b8b98997216e9) Importer(815301076,1909f56bfc062723c751e8b465ee728b)
Start importing Assets/Materials/ShipTrail.mat using Guid(38922c3951d17f74084b8b98997216e9) Importer(815301076,1909f56bfc062723c751e8b465ee728b)  -> (artifact id: 'f9f929cd44276ec32274ec505f0aba0f') in 0.032206 seconds
  Import took 0.057026 seconds .

========================================================================
Received Import Request.
  Time since last request: 8.745319 seconds.
  path: Assets/Materials/ShipTrail.mat
  artifactKey: Guid(38922c3951d17f74084b8b98997216e9) Importer(815301076,1909f56bfc062723c751e8b465ee728b)
Start importing Assets/Materials/ShipTrail.mat using Guid(38922c3951d17f74084b8b98997216e9) Importer(815301076,1909f56bfc062723c751e8b465ee728b)  -> (artifact id: '34b109b686c82ca854fb41ed254da11b') in 0.027863 seconds
  Import took 0.045213 seconds .

========================================================================
Received Prepare
Registering precompiled user dll's ...
Registered in 0.002519 seconds.
Begin MonoManager ReloadAssembly
Native extension for WindowsStandalone target not found
Native extension for WebGL target not found
Refreshing native plugins compatible for Editor in 0.55 ms, found 3 plugins.
Preloading 1 native plugins for Editor in 0.09 ms.
Mono: successfully reloaded assembly
- Completed reload, in  0.760 seconds
Platform modules already initialized, skipping
Switching build target platform(19) subTarget(0) extendedPlatform(0) -> platform(13) subTarget(524294) extendedPlatform(0)
Shader 'Oculus/OVRMRCameraFrameLit': fallback shader 'Alpha-Diffuse' not found
Refreshing native plugins compatible for Editor in 0.55 ms, found 3 plugins.
Preloading 1 native plugins for Editor in 0.06 ms.
Unloading 1739 Unused Serialized files (Serialized files now loaded: 0)
System memory in use before: 103.1 MB.
System memory in use after: 103.2 MB.

Unloading 21 unused Assets to reduce memory usage. Loaded Objects now: 2340.
Total: 1.678200 ms (FindLiveObjects: 0.163300 ms CreateObjectMapping: 0.050400 ms MarkObjects: 1.447200 ms  DeleteObjects: 0.016400 ms)

AssetImportParameters requested are different than current active one (requested -> active):
  custom:graphics/normal-map-encoding: 01000000000000000000000000000000 -> 02000000000000000000000000000000
========================================================================
Received Import Request.
  Time since last request: 629.048146 seconds.
  path: Assets/Materials/ShipTrail.mat
  artifactKey: Guid(38922c3951d17f74084b8b98997216e9) Importer(815301076,1909f56bfc062723c751e8b465ee728b)
Start importing Assets/Materials/ShipTrail.mat using Guid(38922c3951d17f74084b8b98997216e9) Importer(815301076,1909f56bfc062723c751e8b465ee728b)  -> (artifact id: '60be59992f1d807313b8a8ee8d3f6e64') in 0.059907 seconds
  Import took 0.170368 seconds .

========================================================================
Received Prepare
Registering precompiled user dll's ...
Registered in 0.002682 seconds.
Begin MonoManager ReloadAssembly
Native extension for WindowsStandalone target not found
Native extension for WebGL target not found
Refreshing native plugins compatible for Editor in 0.55 ms, found 3 plugins.
Preloading 1 native plugins for Editor in 0.09 ms.
Mono: successfully reloaded assembly
- Completed reload, in  0.785 seconds
Platform modules already initialized, skipping
Switching build target platform(19) subTarget(0) extendedPlatform(0) -> platform(13) subTarget(524294) extendedPlatform(0)
Shader 'Oculus/OVRMRCameraFrameLit': fallback shader 'Alpha-Diffuse' not found
Refreshing native plugins compatible for Editor in 0.57 ms, found 3 plugins.
Preloading 1 native plugins for Editor in 0.06 ms.
Unloading 1739 Unused Serialized files (Serialized files now loaded: 0)
System memory in use before: 103.2 MB.
System memory in use after: 103.3 MB.

Unloading 21 unused Assets to reduce memory usage. Loaded Objects now: 2345.
Total: 1.684200 ms (FindLiveObjects: 0.171000 ms CreateObjectMapping: 0.056000 ms MarkObjects: 1.438800 ms  DeleteObjects: 0.017500 ms)

AssetImportParameters requested are different than current active one (requested -> active):
  custom:graphics/normal-map-encoding: 01000000000000000000000000000000 -> 02000000000000000000000000000000
========================================================================
Received Prepare
Registering precompiled user dll's ...
Registered in 0.003138 seconds.
Begin MonoManager ReloadAssembly
Native extension for WindowsStandalone target not found
Native extension for WebGL target not found
Refreshing native plugins compatible for Editor in 0.72 ms, found 3 plugins.
Preloading 1 native plugins for Editor in 0.08 ms.
Mono: successfully reloaded assembly
- Completed reload, in  0.854 seconds
Platform modules already initialized, skipping
Switching build target platform(19) subTarget(0) extendedPlatform(0) -> platform(13) subTarget(524294) extendedPlatform(0)
Shader 'Oculus/OVRMRCameraFrameLit': fallback shader 'Alpha-Diffuse' not found
Refreshing native plugins compatible for Editor in 0.58 ms, found 3 plugins.
Preloading 1 native plugins for Editor in 0.07 ms.
Unloading 1739 Unused Serialized files (Serialized files now loaded: 0)
System memory in use before: 103.2 MB.
System memory in use after: 103.3 MB.

Unloading 21 unused Assets to reduce memory usage. Loaded Objects now: 2349.
Total: 1.938800 ms (FindLiveObjects: 0.229300 ms CreateObjectMapping: 0.177000 ms MarkObjects: 1.508800 ms  DeleteObjects: 0.022400 ms)

AssetImportParameters requested are different than current active one (requested -> active):
  custom:graphics/normal-map-encoding: 01000000000000000000000000000000 -> 02000000000000000000000000000000
========================================================================
Received Prepare
Registering precompiled user dll's ...
Registered in 0.002869 seconds.
Begin MonoManager ReloadAssembly
Native extension for WindowsStandalone target not found
Native extension for WebGL target not found
Refreshing native plugins compatible for Editor in 0.74 ms, found 3 plugins.
Preloading 1 native plugins for Editor in 0.10 ms.
Mono: successfully reloaded assembly
- Completed reload, in  1.164 seconds
Platform modules already initialized, skipping
Switching build target platform(19) subTarget(0) extendedPlatform(0) -> platform(13) subTarget(524294) extendedPlatform(0)
Shader 'Oculus/OVRMRCameraFrameLit': fallback shader 'Alpha-Diffuse' not found
Refreshing native plugins compatible for Editor in 0.55 ms, found 3 plugins.
Preloading 1 native plugins for Editor in 0.06 ms.
Unloading 1739 Unused Serialized files (Serialized files now loaded: 0)
System memory in use before: 103.2 MB.
System memory in use after: 103.3 MB.

Unloading 21 unused Assets to reduce memory usage. Loaded Objects now: 2353.
Total: 1.686900 ms (FindLiveObjects: 0.196100 ms CreateObjectMapping: 0.054900 ms MarkObjects: 1.404700 ms  DeleteObjects: 0.030200 ms)

AssetImportParameters requested are different than current active one (requested -> active):
  custom:graphics/normal-map-encoding: 01000000000000000000000000000000 -> 02000000000000000000000000000000
========================================================================
Received Import Request.
  Time since last request: 642.190506 seconds.
  path: Assets/Materials/ShipTrail.mat
  artifactKey: Guid(38922c3951d17f74084b8b98997216e9) Importer(815301076,1909f56bfc062723c751e8b465ee728b)
Start importing Assets/Materials/ShipTrail.mat using Guid(38922c3951d17f74084b8b98997216e9) Importer(815301076,1909f56bfc062723c751e8b465ee728b)  -> (artifact id: '0f2560ae721b360283cb18dd5e24b0dc') in 0.092333 seconds
  Import took 0.133459 seconds .

========================================================================
Received Import Request.
  Time since last request: 51.622278 seconds.
  path: Assets/Prefabs/Ship_.prefab
  artifactKey: Guid(9ccca59714caa1447b9a8e446fb68435) Importer(815301076,1909f56bfc062723c751e8b465ee728b)
Start importing Assets/Prefabs/Ship_.prefab using Guid(9ccca59714caa1447b9a8e446fb68435) Importer(815301076,1909f56bfc062723c751e8b465ee728b)  -> (artifact id: '97edaf1ec6debd08555ee95623bd8b6d') in 0.137792 seconds
  Import took 0.156550 seconds .

========================================================================
Received Prepare
Registering precompiled user dll's ...
Registered in 0.002874 seconds.
Begin MonoManager ReloadAssembly
Native extension for WindowsStandalone target not found
Native extension for WebGL target not found
Refreshing native plugins compatible for Editor in 0.62 ms, found 3 plugins.
Preloading 1 native plugins for Editor in 0.10 ms.
Mono: successfully reloaded assembly
- Completed reload, in  0.842 seconds
Platform modules already initialized, skipping
Switching build target platform(19) subTarget(0) extendedPlatform(0) -> platform(13) subTarget(524294) extendedPlatform(0)
Shader 'Oculus/OVRMRCameraFrameLit': fallback shader 'Alpha-Diffuse' not found
Refreshing native plugins compatible for Editor in 0.58 ms, found 3 plugins.
Preloading 1 native plugins for Editor in 0.06 ms.
Unloading 1739 Unused Serialized files (Serialized files now loaded: 0)
System memory in use before: 103.2 MB.
System memory in use after: 103.3 MB.

Unloading 21 unused Assets to reduce memory usage. Loaded Objects now: 2358.
Total: 2.026700 ms (FindLiveObjects: 0.179600 ms CreateObjectMapping: 0.055700 ms MarkObjects: 1.770400 ms  DeleteObjects: 0.020100 ms)

AssetImportParameters requested are different than current active one (requested -> active):
  custom:graphics/normal-map-encoding: 01000000000000000000000000000000 -> 02000000000000000000000000000000
========================================================================
Received Prepare
Registering precompiled user dll's ...
Registered in 0.003107 seconds.
Begin MonoManager ReloadAssembly
Native extension for WindowsStandalone target not found
Native extension for WebGL target not found
Refreshing native plugins compatible for Editor in 0.56 ms, found 3 plugins.
Preloading 1 native plugins for Editor in 0.10 ms.
Mono: successfully reloaded assembly
- Completed reload, in  0.899 seconds
Platform modules already initialized, skipping
Switching build target platform(19) subTarget(0) extendedPlatform(0) -> platform(13) subTarget(524294) extendedPlatform(0)
Shader 'Oculus/OVRMRCameraFrameLit': fallback shader 'Alpha-Diffuse' not found
Refreshing native plugins compatible for Editor in 0.56 ms, found 3 plugins.
Preloading 1 native plugins for Editor in 0.07 ms.
Unloading 1739 Unused Serialized files (Serialized files now loaded: 0)
System memory in use before: 103.2 MB.
System memory in use after: 103.3 MB.

Unloading 21 unused Assets to reduce memory usage. Loaded Objects now: 2362.
Total: 1.928700 ms (FindLiveObjects: 0.176700 ms CreateObjectMapping: 0.054700 ms MarkObjects: 1.673600 ms  DeleteObjects: 0.022300 ms)

AssetImportParameters requested are different than current active one (requested -> active):
  custom:graphics/normal-map-encoding: 01000000000000000000000000000000 -> 02000000000000000000000000000000
========================================================================
Received Prepare
Registering precompiled user dll's ...
Registered in 0.003008 seconds.
Begin MonoManager ReloadAssembly
Native extension for WindowsStandalone target not found
Native extension for WebGL target not found
Refreshing native plugins compatible for Editor in 0.79 ms, found 3 plugins.
Preloading 1 native plugins for Editor in 0.13 ms.
Mono: successfully reloaded assembly
- Completed reload, in  1.105 seconds
Platform modules already initialized, skipping
Switching build target platform(19) subTarget(0) extendedPlatform(0) -> platform(13) subTarget(524294) extendedPlatform(0)
Shader 'Oculus/OVRMRCameraFrameLit': fallback shader 'Alpha-Diffuse' not found
Refreshing native plugins compatible for Editor in 0.59 ms, found 3 plugins.
Preloading 1 native plugins for Editor in 0.08 ms.
Unloading 1739 Unused Serialized files (Serialized files now loaded: 0)
System memory in use before: 103.2 MB.
System memory in use after: 103.3 MB.

Unloading 21 unused Assets to reduce memory usage. Loaded Objects now: 2366.
Total: 2.540300 ms (FindLiveObjects: 0.216300 ms CreateObjectMapping: 0.065400 ms MarkObjects: 2.234000 ms  DeleteObjects: 0.022600 ms)

AssetImportParameters requested are different than current active one (requested -> active):
  custom:graphics/normal-map-encoding: 01000000000000000000000000000000 -> 02000000000000000000000000000000
